[debug] [2023-12-12T17:43:09.299Z] ----------------------------------------------------------------------
[debug] [2023-12-12T17:43:09.302Z] Command:       C:\Program Files\nodejs\node.exe C:\Users\ASUS\AppData\Roaming\npm\node_modules\firebase-tools\lib\bin\firebase.js init
[debug] [2023-12-12T17:43:09.302Z] CLI Version:   13.0.1
[debug] [2023-12-12T17:43:09.302Z] Platform:      win32
[debug] [2023-12-12T17:43:09.302Z] Node Version:  v20.10.0
[debug] [2023-12-12T17:43:09.303Z] Time:          Wed Dec 13 2023 00:43:09 GMT+0700 (Indochina Time)
[debug] [2023-12-12T17:43:09.303Z] ----------------------------------------------------------------------
[debug] 
[debug] [2023-12-12T17:43:09.309Z] > command requires scopes: ["email","openid","https://www.googleapis.com/auth/cloudplatformprojects.readonly","https://www.googleapis.com/auth/firebase","https://www.googleapis.com/auth/cloud-platform"]
[debug] [2023-12-12T17:43:09.309Z] > authorizing via signed-in user (vietminh794@gmail.com)
[info] 
     ######## #### ########  ######## ########     ###     ######  ########
     ##        ##  ##     ## ##       ##     ##  ##   ##  ##       ##
     ######    ##  ########  ######   ########  #########  ######  ######
     ##        ##  ##    ##  ##       ##     ## ##     ##       ## ##
     ##       #### ##     ## ######## ########  ##     ##  ######  ########

You're about to initialize a Firebase project in this directory:

  C:\Users\ASUS\Documents\GitHub\nextjs-ts

[info] 
=== Project Setup
[info] 
[info] First, let's associate this project directory with a Firebase project.
[info] You can create multiple project aliases by running firebase use --add, 
[info] but for now we'll just set up a default project.
[info] 
[debug] [2023-12-12T17:43:41.235Z] >>> [apiv2][query] GET https://firebase.googleapis.com/v1beta1/projects pageSize=100
[debug] [2023-12-12T17:43:41.982Z] <<< [apiv2][status] GET https://firebase.googleapis.com/v1beta1/projects 200
[debug] [2023-12-12T17:43:41.983Z] <<< [apiv2][body] GET https://firebase.googleapis.com/v1beta1/projects [omitted]
[info] i  Using project chat-app-e04dc (chat-app) 
[info] 
=== Database Setup
[info] i  database: ensuring required API firebasedatabase.googleapis.com is enabled... 
[debug] [2023-12-12T17:43:50.449Z] >>> [apiv2][query] GET https://serviceusage.googleapis.com/v1/projects/chat-app-e04dc/services/firebasedatabase.googleapis.com [none]
[debug] [2023-12-12T17:43:50.449Z] >>> [apiv2][(partial)header] GET https://serviceusage.googleapis.com/v1/projects/chat-app-e04dc/services/firebasedatabase.googleapis.com x-goog-quota-user=projects/chat-app-e04dc
[debug] [2023-12-12T17:43:51.810Z] <<< [apiv2][status] GET https://serviceusage.googleapis.com/v1/projects/chat-app-e04dc/services/firebasedatabase.googleapis.com 200
[debug] [2023-12-12T17:43:51.811Z] <<< [apiv2][body] GET https://serviceusage.googleapis.com/v1/projects/chat-app-e04dc/services/firebasedatabase.googleapis.com [omitted]
[info] +  database: required API firebasedatabase.googleapis.com is enabled 
[info] 
[debug] [2023-12-12T17:43:51.814Z] >>> [apiv2][query] GET https://firebasedatabase.googleapis.com/v1beta/projects/chat-app-e04dc/locations/-/instances/chat-app-e04dc-default-rtdb [none]
[debug] [2023-12-12T17:43:53.046Z] <<< [apiv2][status] GET https://firebasedatabase.googleapis.com/v1beta/projects/chat-app-e04dc/locations/-/instances/chat-app-e04dc-default-rtdb 200
[debug] [2023-12-12T17:43:53.046Z] <<< [apiv2][body] GET https://firebasedatabase.googleapis.com/v1beta/projects/chat-app-e04dc/locations/-/instances/chat-app-e04dc-default-rtdb {"name":"projects/952347806177/locations/us-central1/instances/chat-app-e04dc-default-rtdb","project":"projects/952347806177","databaseUrl":"https://chat-app-e04dc-default-rtdb.firebaseio.com","type":"DEFAULT_DATABASE","state":"ACTIVE"}
[info] 
[info] Firebase Realtime Database Security Rules allow you to define how your data should be
[info] structured and when your data can be read from and written to.
[info] 
[debug] [2023-12-12T17:44:03.456Z] >>> [apiv2][query] GET https://chat-app-e04dc-default-rtdb.firebaseio.com/.settings/rules.json [none]
[debug] [2023-12-12T17:44:04.286Z] <<< [apiv2][status] GET https://chat-app-e04dc-default-rtdb.firebaseio.com/.settings/rules.json 200
[debug] [2023-12-12T17:44:04.287Z] <<< [apiv2][body] GET https://chat-app-e04dc-default-rtdb.firebaseio.com/.settings/rules.json [stream]
[info] +  Database Rules for chat-app-e04dc-default-rtdb have been written to database.rules.json. 
[info] Future modifications to database.rules.json will update Realtime Database Security Rules when you run
[info] firebase deploy.
[info] 
=== Firestore Setup
[debug] [2023-12-12T17:44:04.291Z] >>> [apiv2][query] GET https://serviceusage.googleapis.com/v1/projects/chat-app-e04dc/services/firestore.googleapis.com [none]
[debug] [2023-12-12T17:44:04.291Z] >>> [apiv2][(partial)header] GET https://serviceusage.googleapis.com/v1/projects/chat-app-e04dc/services/firestore.googleapis.com x-goog-quota-user=projects/chat-app-e04dc
[debug] [2023-12-12T17:44:05.694Z] <<< [apiv2][status] GET https://serviceusage.googleapis.com/v1/projects/chat-app-e04dc/services/firestore.googleapis.com 200
[debug] [2023-12-12T17:44:05.695Z] <<< [apiv2][body] GET https://serviceusage.googleapis.com/v1/projects/chat-app-e04dc/services/firestore.googleapis.com [omitted]
[debug] [2023-12-12T17:44:05.695Z] >>> [apiv2][query] GET https://firestore.googleapis.com/v1/projects/chat-app-e04dc/databases/(default) [none]
[debug] [2023-12-12T17:44:07.032Z] <<< [apiv2][status] GET https://firestore.googleapis.com/v1/projects/chat-app-e04dc/databases/(default) 200
[debug] [2023-12-12T17:44:07.033Z] <<< [apiv2][body] GET https://firestore.googleapis.com/v1/projects/chat-app-e04dc/databases/(default) {"name":"projects/chat-app-e04dc/databases/(default)","uid":"5ef437db-3845-4871-93fe-06c22c5ed53a","createTime":"2023-12-12T17:42:23.774102Z","updateTime":"2023-12-12T17:42:23.774102Z","locationId":"nam5","type":"FIRESTORE_NATIVE","concurrencyMode":"PESSIMISTIC","versionRetentionPeriod":"3600s","earliestVersionTime":"2023-12-12T17:42:23.774102Z","appEngineIntegrationMode":"DISABLED","keyPrefix":"s","pointInTimeRecoveryEnablement":"POINT_IN_TIME_RECOVERY_DISABLED","deleteProtectionState":"DELETE_PROTECTION_DISABLED","etag":"INPU18a5ioMDMJbb6ZW5ioMD"}
[debug] [2023-12-12T17:44:07.033Z] database_type: FIRESTORE_NATIVE
[debug] [2023-12-12T17:44:07.034Z] > command requires scopes: ["email","openid","https://www.googleapis.com/auth/cloudplatformprojects.readonly","https://www.googleapis.com/auth/firebase","https://www.googleapis.com/auth/cloud-platform"]
[debug] [2023-12-12T17:44:07.035Z] > authorizing via signed-in user (vietminh794@gmail.com)
[debug] [2023-12-12T17:44:07.035Z] [iam] checking project chat-app-e04dc for permissions ["firebase.projects.get"]
[debug] [2023-12-12T17:44:07.036Z] >>> [apiv2][query] POST https://cloudresourcemanager.googleapis.com/v1/projects/chat-app-e04dc:testIamPermissions [none]
[debug] [2023-12-12T17:44:07.036Z] >>> [apiv2][(partial)header] POST https://cloudresourcemanager.googleapis.com/v1/projects/chat-app-e04dc:testIamPermissions x-goog-quota-user=projects/chat-app-e04dc
[debug] [2023-12-12T17:44:07.036Z] >>> [apiv2][body] POST https://cloudresourcemanager.googleapis.com/v1/projects/chat-app-e04dc:testIamPermissions {"permissions":["firebase.projects.get"]}
[debug] [2023-12-12T17:44:07.444Z] <<< [apiv2][status] POST https://cloudresourcemanager.googleapis.com/v1/projects/chat-app-e04dc:testIamPermissions 200
[debug] [2023-12-12T17:44:07.445Z] <<< [apiv2][body] POST https://cloudresourcemanager.googleapis.com/v1/projects/chat-app-e04dc:testIamPermissions {"permissions":["firebase.projects.get"]}
[info] 
[info] Firestore Security Rules allow you to define how and when to allow
[info] requests. You can keep these rules in your project directory
[info] and publish them with firebase deploy.
[info] 
[debug] [2023-12-12T17:44:11.884Z] >>> [apiv2][query] GET https://firebaserules.googleapis.com/v1/projects/chat-app-e04dc/releases pageSize=10&pageToken=
[debug] [2023-12-12T17:44:13.104Z] <<< [apiv2][status] GET https://firebaserules.googleapis.com/v1/projects/chat-app-e04dc/releases 200
[debug] [2023-12-12T17:44:13.105Z] <<< [apiv2][body] GET https://firebaserules.googleapis.com/v1/projects/chat-app-e04dc/releases {"releases":[{"name":"projects/chat-app-e04dc/releases/cloud.firestore","rulesetName":"projects/chat-app-e04dc/rulesets/f729978a-0ac6-4ef3-a7b5-2a7b7480813a","createTime":"2023-12-12T17:42:31.609853Z","updateTime":"2023-12-12T17:42:31.609853Z"}]}
[debug] [2023-12-12T17:44:13.105Z] Found ruleset: projects/chat-app-e04dc/rulesets/f729978a-0ac6-4ef3-a7b5-2a7b7480813a
[debug] [2023-12-12T17:44:13.106Z] >>> [apiv2][query] GET https://firebaserules.googleapis.com/v1/projects/chat-app-e04dc/rulesets/f729978a-0ac6-4ef3-a7b5-2a7b7480813a [none]
[debug] [2023-12-12T17:44:14.177Z] <<< [apiv2][status] GET https://firebaserules.googleapis.com/v1/projects/chat-app-e04dc/rulesets/f729978a-0ac6-4ef3-a7b5-2a7b7480813a 200
[debug] [2023-12-12T17:44:14.178Z] <<< [apiv2][body] GET https://firebaserules.googleapis.com/v1/projects/chat-app-e04dc/rulesets/f729978a-0ac6-4ef3-a7b5-2a7b7480813a [omitted]
[info] 
[info] Firestore indexes allow you to perform complex queries while
[info] maintaining performance that scales with the size of the result
[info] set. You can keep index definitions in your project directory
[info] and publish them with firebase deploy.
[info] 
[debug] [2023-12-12T17:44:16.169Z] >>> [apiv2][query] GET https://firestore.googleapis.com/v1/projects/chat-app-e04dc/databases/(default)/collectionGroups/-/indexes [none]
[debug] [2023-12-12T17:44:16.172Z] >>> [apiv2][query] GET https://firestore.googleapis.com/v1/projects/chat-app-e04dc/databases/(default)/collectionGroups/-/fields?filter=indexConfig.usesAncestorConfig=false OR ttlConfig:* [none]
[debug] [2023-12-12T17:44:17.492Z] <<< [apiv2][status] GET https://firestore.googleapis.com/v1/projects/chat-app-e04dc/databases/(default)/collectionGroups/-/indexes 200
[debug] [2023-12-12T17:44:17.493Z] <<< [apiv2][body] GET https://firestore.googleapis.com/v1/projects/chat-app-e04dc/databases/(default)/collectionGroups/-/indexes {}
[debug] [2023-12-12T17:44:17.725Z] <<< [apiv2][status] GET https://firestore.googleapis.com/v1/projects/chat-app-e04dc/databases/(default)/collectionGroups/-/fields?filter=indexConfig.usesAncestorConfig=false OR ttlConfig:* 200
[debug] [2023-12-12T17:44:17.725Z] <<< [apiv2][body] GET https://firestore.googleapis.com/v1/projects/chat-app-e04dc/databases/(default)/collectionGroups/-/fields?filter=indexConfig.usesAncestorConfig=false OR ttlConfig:* {"fields":[{"name":"projects/chat-app-e04dc/databases/(default)/collectionGroups/__default__/fields/*","indexConfig":{"indexes":[{"queryScope":"COLLECTION","fields":[{"fieldPath":"*","order":"ASCENDING"}],"state":"READY"},{"queryScope":"COLLECTION","fields":[{"fieldPath":"*","order":"DESCENDING"}],"state":"READY"},{"queryScope":"COLLECTION","fields":[{"fieldPath":"*","arrayConfig":"CONTAINS"}],"state":"READY"}]}}]}
[info] 
=== Functions Setup
[debug] [2023-12-12T17:44:17.732Z] > command requires scopes: ["email","openid","https://www.googleapis.com/auth/cloudplatformprojects.readonly","https://www.googleapis.com/auth/firebase","https://www.googleapis.com/auth/cloud-platform"]
[debug] [2023-12-12T17:44:17.732Z] > authorizing via signed-in user (vietminh794@gmail.com)
[debug] [2023-12-12T17:44:17.732Z] [iam] checking project chat-app-e04dc for permissions ["firebase.projects.get"]
[debug] [2023-12-12T17:44:17.732Z] >>> [apiv2][query] POST https://cloudresourcemanager.googleapis.com/v1/projects/chat-app-e04dc:testIamPermissions [none]
[debug] [2023-12-12T17:44:17.733Z] >>> [apiv2][(partial)header] POST https://cloudresourcemanager.googleapis.com/v1/projects/chat-app-e04dc:testIamPermissions x-goog-quota-user=projects/chat-app-e04dc
[debug] [2023-12-12T17:44:17.733Z] >>> [apiv2][body] POST https://cloudresourcemanager.googleapis.com/v1/projects/chat-app-e04dc:testIamPermissions {"permissions":["firebase.projects.get"]}
[debug] [2023-12-12T17:44:18.832Z] <<< [apiv2][status] POST https://cloudresourcemanager.googleapis.com/v1/projects/chat-app-e04dc:testIamPermissions 200
[debug] [2023-12-12T17:44:18.832Z] <<< [apiv2][body] POST https://cloudresourcemanager.googleapis.com/v1/projects/chat-app-e04dc:testIamPermissions {"permissions":["firebase.projects.get"]}
[debug] [2023-12-12T17:44:18.832Z] >>> [apiv2][query] GET https://serviceusage.googleapis.com/v1/projects/chat-app-e04dc/services/cloudfunctions.googleapis.com [none]
[debug] [2023-12-12T17:44:18.832Z] >>> [apiv2][(partial)header] GET https://serviceusage.googleapis.com/v1/projects/chat-app-e04dc/services/cloudfunctions.googleapis.com x-goog-quota-user=projects/chat-app-e04dc
[debug] [2023-12-12T17:44:18.835Z] >>> [apiv2][query] GET https://serviceusage.googleapis.com/v1/projects/chat-app-e04dc/services/runtimeconfig.googleapis.com [none]
[debug] [2023-12-12T17:44:18.835Z] >>> [apiv2][(partial)header] GET https://serviceusage.googleapis.com/v1/projects/chat-app-e04dc/services/runtimeconfig.googleapis.com x-goog-quota-user=projects/chat-app-e04dc
[debug] [2023-12-12T17:44:20.119Z] <<< [apiv2][status] GET https://serviceusage.googleapis.com/v1/projects/chat-app-e04dc/services/cloudfunctions.googleapis.com 200
[debug] [2023-12-12T17:44:20.119Z] <<< [apiv2][body] GET https://serviceusage.googleapis.com/v1/projects/chat-app-e04dc/services/cloudfunctions.googleapis.com [omitted]
[debug] [2023-12-12T17:44:20.121Z] >>> [apiv2][query] POST https://serviceusage.googleapis.com/v1/projects/chat-app-e04dc/services/cloudfunctions.googleapis.com:enable [none]
[debug] [2023-12-12T17:44:20.121Z] >>> [apiv2][(partial)header] POST https://serviceusage.googleapis.com/v1/projects/chat-app-e04dc/services/cloudfunctions.googleapis.com:enable x-goog-quota-user=projects/chat-app-e04dc
[debug] [2023-12-12T17:44:20.189Z] <<< [apiv2][status] GET https://serviceusage.googleapis.com/v1/projects/chat-app-e04dc/services/runtimeconfig.googleapis.com 200
[debug] [2023-12-12T17:44:20.189Z] <<< [apiv2][body] GET https://serviceusage.googleapis.com/v1/projects/chat-app-e04dc/services/runtimeconfig.googleapis.com [omitted]
[debug] [2023-12-12T17:44:20.803Z] <<< [apiv2][status] POST https://serviceusage.googleapis.com/v1/projects/chat-app-e04dc/services/cloudfunctions.googleapis.com:enable 200
[debug] [2023-12-12T17:44:20.803Z] <<< [apiv2][body] POST https://serviceusage.googleapis.com/v1/projects/chat-app-e04dc/services/cloudfunctions.googleapis.com:enable [omitted]
[debug] [2023-12-12T17:44:30.806Z] >>> [apiv2][query] GET https://serviceusage.googleapis.com/v1/projects/chat-app-e04dc/services/cloudfunctions.googleapis.com [none]
[debug] [2023-12-12T17:44:30.806Z] >>> [apiv2][(partial)header] GET https://serviceusage.googleapis.com/v1/projects/chat-app-e04dc/services/cloudfunctions.googleapis.com x-goog-quota-user=projects/chat-app-e04dc
[debug] [2023-12-12T17:44:32.198Z] <<< [apiv2][status] GET https://serviceusage.googleapis.com/v1/projects/chat-app-e04dc/services/cloudfunctions.googleapis.com 200
[debug] [2023-12-12T17:44:32.198Z] <<< [apiv2][body] GET https://serviceusage.googleapis.com/v1/projects/chat-app-e04dc/services/cloudfunctions.googleapis.com [omitted]
[info] Let's create a new codebase for your functions.
[info] A directory corresponding to the codebase will be created in your project
[info] with sample code pre-configured.

[info] See https://firebase.google.com/docs/functions/organize-functions for
[info] more information on organizing your functions using codebases.

[info] Functions can be deployed with firebase deploy.

[info] +  Wrote functions/package.json 
[info] +  Wrote functions/.eslintrc.js 
[info] +  Wrote functions/tsconfig.json 
[info] +  Wrote functions/tsconfig.dev.json 
[info] +  Wrote functions/src/index.ts 
[info] +  Wrote functions/.gitignore 
[info] 
=== Hosting Setup
[debug] [2023-12-12T17:46:50.956Z] >>> [apiv2][query] GET https://firebase.googleapis.com/v1beta1/projects/chat-app-e04dc [none]
[debug] [2023-12-12T17:46:51.308Z] <<< [apiv2][status] GET https://firebase.googleapis.com/v1beta1/projects/chat-app-e04dc 200
[debug] [2023-12-12T17:46:51.309Z] <<< [apiv2][body] GET https://firebase.googleapis.com/v1beta1/projects/chat-app-e04dc {"projectId":"chat-app-e04dc","projectNumber":"952347806177","displayName":"chat-app","name":"projects/chat-app-e04dc","resources":{"hostingSite":"chat-app-e04dc","realtimeDatabaseInstance":"chat-app-e04dc-default-rtdb"},"state":"ACTIVE","etag":"1_70363351-b574-4d13-98ef-6108e8129f71"}
[info] 
[info] Your public directory is the folder (relative to your project directory) that
[info] will contain Hosting assets to be uploaded with firebase deploy. If you
[info] have a build process for your assets, use your build's output directory.
[info] 
[info] +  Wrote public/404.html 
[debug] [2023-12-12T17:47:17.110Z] >>> [apiv2][query] GET https://www.gstatic.com/firebasejs/releases.json [none]
[debug] [2023-12-12T17:47:17.257Z] <<< [apiv2][status] GET https://www.gstatic.com/firebasejs/releases.json 200
[debug] [2023-12-12T17:47:17.257Z] <<< [apiv2][body] GET https://www.gstatic.com/firebasejs/releases.json {"current":{"version":"10.7.1","browserURL":"https://www.gstatic.com/firebasejs/10.7.1/firebase.js","packageURL":"https://www.gstatic.com/firebasejs/10.7.1/firebase.tgz"},"live":{"version":"10.7","browserURL":"https://www.gstatic.com/firebasejs/live/10.7/firebase.js","packageURL":"https://www.gstatic.com/firebasejs/live/10.7/firebase.tgz"},"components":{"analytics":"https://www.gstatic.com/firebasejs/10.7.1/firebase-analytics.js","app":"https://www.gstatic.com/firebasejs/10.7.1/firebase-app.js","app-check":"https://www.gstatic.com/firebasejs/10.7.1/firebase-app-check.js","auth":"https://www.gstatic.com/firebasejs/10.7.1/firebase-auth.js","auth/cordova":"https://www.gstatic.com/firebasejs/10.7.1/firebase-auth/cordova.js","functions":"https://www.gstatic.com/firebasejs/10.7.1/firebase-functions.js","firestore":"https://www.gstatic.com/firebasejs/10.7.1/firebase-firestore.js","firestore/lite":"https://www.gstatic.com/firebasejs/10.7.1/firebase-firestore/lite.js","installations":"https://www.gstatic.com/firebasejs/10.7.1/firebase-installations.js","storage":"https://www.gstatic.com/firebasejs/10.7.1/firebase-storage.js","performance":"https://www.gstatic.com/firebasejs/10.7.1/firebase-performance.js","remote-config":"https://www.gstatic.com/firebasejs/10.7.1/firebase-remote-config.js","messaging":"https://www.gstatic.com/firebasejs/10.7.1/firebase-messaging.js","messaging/sw":"https://www.gstatic.com/firebasejs/10.7.1/firebase-messaging/sw.js","database":"https://www.gstatic.com/firebasejs/10.7.1/firebase-database.js","firestore.memory":"https://www.gstatic.com/firebasejs/10.7.1/firebase-firestore.memory.js"}}
[info] +  Wrote public/index.html 
[info] 
[info] i  Detected a .git folder at C:\Users\ASUS\Documents\GitHub\nextjs-ts 
[info] i  Authorizing with GitHub to upload your service account to a GitHub repository's secrets store. 
[info] 
[info] Visit this URL on this device to log in:
[info] https://github.com/login/oauth/authorize?client_id=89cf50f02ac6aaed3484&state=658898263&redirect_uri=http%3A%2F%2Flocalhost%3A9005&scope=read%3Auser%20repo%20public_repo
[info] 
[info] Waiting for authentication...
[debug] [2023-12-12T17:47:26.826Z] >>> [apiv2][query] POST https://github.com/login/oauth/access_token [none]
[debug] [2023-12-12T17:47:26.827Z] >>> [apiv2][body] POST https://github.com/login/oauth/access_token [stream]
[debug] [2023-12-12T17:47:27.415Z] <<< [apiv2][status] POST https://github.com/login/oauth/access_token 200
[debug] [2023-12-12T17:47:27.415Z] <<< [apiv2][body] POST https://github.com/login/oauth/access_token {"access_token":"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","token_type":"bearer","scope":"read:user,repo"}
[debug] [2023-12-12T17:47:27.430Z] >>> [apiv2][query] GET https://api.github.com/user [none]
[debug] [2023-12-12T17:47:27.921Z] <<< [apiv2][status] GET https://api.github.com/user 200
[debug] [2023-12-12T17:47:27.921Z] <<< [apiv2][body] GET https://api.github.com/user {"login":"minhviet2002","id":94736097,"node_id":"U_kgDOBaWO4Q","avatar_url":"https://avatars.githubusercontent.com/u/94736097?v=4","gravatar_id":"","url":"https://api.github.com/users/minhviet2002","html_url":"https://github.com/minhviet2002","followers_url":"https://api.github.com/users/minhviet2002/followers","following_url":"https://api.github.com/users/minhviet2002/following{/other_user}","gists_url":"https://api.github.com/users/minhviet2002/gists{/gist_id}","starred_url":"https://api.github.com/users/minhviet2002/starred{/owner}{/repo}","subscriptions_url":"https://api.github.com/users/minhviet2002/subscriptions","organizations_url":"https://api.github.com/users/minhviet2002/orgs","repos_url":"https://api.github.com/users/minhviet2002/repos","events_url":"https://api.github.com/users/minhviet2002/events{/privacy}","received_events_url":"https://api.github.com/users/minhviet2002/received_events","type":"User","site_admin":false,"name":"Minh Việt","company":null,"blog":"","location":null,"email":null,"hireable":null,"bio":"nothing left ","twitter_username":null,"public_repos":6,"public_gists":0,"followers":0,"following":1,"created_at":"2021-11-20T07:33:52Z","updated_at":"2023-12-04T10:29:11Z","private_gists":0,"total_private_repos":2,"owned_private_repos":2,"disk_usage":92086,"collaborators":0,"two_factor_authentication":false,"plan":{"name":"free","space":976562499,"collaborators":0,"private_repos":10000}}
[info] 
[info] +  Success! Logged into GitHub as minhviet2002 
[info] 
[debug] [2023-12-12T17:47:35.297Z] >>> [apiv2][query] GET https://api.github.com/repos//actions/secrets/public-key type=owner
[debug] [2023-12-12T17:47:35.721Z] <<< [apiv2][status] GET https://api.github.com/repos//actions/secrets/public-key 404
[debug] [2023-12-12T17:47:35.722Z] <<< [apiv2][body] GET https://api.github.com/repos//actions/secrets/public-key {"message":"Not Found","documentation_url":"https://docs.github.com/rest"}
[info] 
[info] 
[error] !  The provided authorization cannot be used with this repository. If this repository is in an organization, did you remember to grant access? 
[info] 
[info] i  Action required: Visit this URL to ensure access has been granted to the appropriate organization(s) for the Firebase CLI GitHub OAuth App: 
[info] https://github.com/settings/connections/applications/89cf50f02ac6aaed3484
[info] 
[debug] [2023-12-12T17:47:38.765Z] >>> [apiv2][query] GET https://api.github.com/repos//actions/secrets/public-key type=owner
[debug] [2023-12-12T17:47:39.082Z] <<< [apiv2][status] GET https://api.github.com/repos//actions/secrets/public-key 404
[debug] [2023-12-12T17:47:39.082Z] <<< [apiv2][body] GET https://api.github.com/repos//actions/secrets/public-key {"message":"Not Found","documentation_url":"https://docs.github.com/rest"}
[info] 
[info] 
[error] !  The provided authorization cannot be used with this repository. If this repository is in an organization, did you remember to grant access? 
[info] 
[info] i  Action required: Visit this URL to ensure access has been granted to the appropriate organization(s) for the Firebase CLI GitHub OAuth App: 
[info] https://github.com/settings/connections/applications/89cf50f02ac6aaed3484
[info] 
[debug] [2023-12-12T17:47:39.722Z] >>> [apiv2][query] GET https://api.github.com/repos//actions/secrets/public-key type=owner
[debug] [2023-12-12T17:47:40.062Z] <<< [apiv2][status] GET https://api.github.com/repos//actions/secrets/public-key 404
[debug] [2023-12-12T17:47:40.063Z] <<< [apiv2][body] GET https://api.github.com/repos//actions/secrets/public-key {"message":"Not Found","documentation_url":"https://docs.github.com/rest"}
[info] 
[info] 
[error] !  The provided authorization cannot be used with this repository. If this repository is in an organization, did you remember to grant access? 
[info] 
[info] i  Action required: Visit this URL to ensure access has been granted to the appropriate organization(s) for the Firebase CLI GitHub OAuth App: 
[info] https://github.com/settings/connections/applications/89cf50f02ac6aaed3484
[info] 
[debug] [2023-12-12T17:48:28.135Z] >>> [apiv2][query] GET https://api.github.com/repos//actions/secrets/public-key type=owner
[debug] [2023-12-12T17:48:28.703Z] <<< [apiv2][status] GET https://api.github.com/repos//actions/secrets/public-key 404
[debug] [2023-12-12T17:48:28.704Z] <<< [apiv2][body] GET https://api.github.com/repos//actions/secrets/public-key {"message":"Not Found","documentation_url":"https://docs.github.com/rest"}
[info] 
[info] 
[error] !  The provided authorization cannot be used with this repository. If this repository is in an organization, did you remember to grant access? 
[info] 
[info] i  Action required: Visit this URL to ensure access has been granted to the appropriate organization(s) for the Firebase CLI GitHub OAuth App: 
[info] https://github.com/settings/connections/applications/89cf50f02ac6aaed3484
[info] 
